# hmmsearch :: search profile(s) against a sequence database
# HMMER 3.4 (Aug 2023); http://hmmer.org/
# Copyright (C) 2023 Howard Hughes Medical Institute.
# Freely distributed under the BSD open source license.
# - - - - - - - - - - - - - - - - - - - - - - - - - - - - - - - - - - - -
# query HMM file:                  bac_globin_modelo.hmm
# target sequence database:        globin_dominio.fasta
# - - - - - - - - - - - - - - - - - - - - - - - - - - - - - - - - - - - -

Query:       bac_globin_msa  [M=120]
Scores for complete sequences (score includes all domains):
   --- full sequence ---   --- best 1 domain ---    -#dom-
    E-value  score  bias    E-value  score  bias    exp  N  Sequence          Description
    ------- ------ -----    ------- ------ -----   ---- --  --------          -----------
    0.00056   18.6   0.0    0.00065   18.4   0.0    1.2  1  A0A0Q1CSX6/26-130  
    0.00056   18.6   0.0    0.00065   18.4   0.0    1.2  1  A0A1E3YPN5/26-130  
    0.00056   18.6   0.0    0.00065   18.4   0.0    1.2  1  A0A1F4EM02/26-130  
    0.00056   18.6   0.0    0.00065   18.4   0.0    1.2  1  A0A1F4J3Y3/26-130  
    0.00056   18.6   0.0    0.00065   18.4   0.0    1.2  1  A0A1Q3RV00/26-130  
  ------ inclusion threshold ------
      0.016   14.0   0.1       0.02   13.6   0.1    1.3  1  A0A1Q7UR26/24-128  
      0.019   13.7   0.1      0.026   13.3   0.1    1.3  1  A0A1Q6YBK7/24-128  
      0.019   13.7   0.1      0.026   13.3   0.1    1.3  1  A0A1Q7A2C5/24-128  
      0.019   13.7   0.1      0.026   13.3   0.1    1.3  1  A0A1Q7T5S3/24-128  
      0.019   13.7   0.1      0.026   13.3   0.1    1.3  1  A0A1Q7WQP2/24-128  


Domain annotation for each sequence (and alignments):
>> A0A0Q1CSX6/26-130  
   #    score  bias  c-Evalue  i-Evalue hmmfrom  hmm to    alifrom  ali to    envfrom  env to     acc
 ---   ------ ----- --------- --------- ------- -------    ------- -------    ------- -------    ----
   1 !   18.4   0.0   1.1e-06   0.00065      19      98 ..       2      81 ..       1     104 [. 0.80

  Alignments for each domain:
  == domain 1  score: 18.4 bits;  conditional E-value: 1.1e-06
     bac_globin_msa 19 fyervlepedellraifsgtdlegaeeklvefl...vqalgGPelYserrGhPalrkrHapfpitaaerdewlkhlaeAldee 98
                       fy+++  + d  ++ +f+++d++++  kl + +   v +lg Pe+        al krHa+ +++aa+ d +   l + l+e 
  A0A0Q1CSX6/26-130  2 FYAKL-FARDPAISGLFASSDMNEQARKLLDMIgsaVRMLGQPEQLD--AALRALGKRHAGYGVEAAHYDTVGAALLDTLAEA 81
                       88888.788999*******************9933245789999998..56667****************9876666666443 PP

>> A0A1E3YPN5/26-130  
   #    score  bias  c-Evalue  i-Evalue hmmfrom  hmm to    alifrom  ali to    envfrom  env to     acc
 ---   ------ ----- --------- --------- ------- -------    ------- -------    ------- -------    ----
   1 !   18.4   0.0   1.1e-06   0.00065      19      98 ..       2      81 ..       1     104 [. 0.80

  Alignments for each domain:
  == domain 1  score: 18.4 bits;  conditional E-value: 1.1e-06
     bac_globin_msa 19 fyervlepedellraifsgtdlegaeeklvefl...vqalgGPelYserrGhPalrkrHapfpitaaerdewlkhlaeAldee 98
                       fy+++  + d  ++ +f+++d++++  kl + +   v +lg Pe+        al krHa+ +++aa+ d +   l + l+e 
  A0A1E3YPN5/26-130  2 FYAKL-FARDPAISGLFASSDMNEQARKLLDMIgsaVRMLGQPEQLD--AALRALGKRHAGYGVEAAHYDTVGAALLDTLAEA 81
                       88888.788999*******************9933245789999998..56667****************9876666666443 PP

>> A0A1F4EM02/26-130  
   #    score  bias  c-Evalue  i-Evalue hmmfrom  hmm to    alifrom  ali to    envfrom  env to     acc
 ---   ------ ----- --------- --------- ------- -------    ------- -------    ------- -------    ----
   1 !   18.4   0.0   1.1e-06   0.00065      19      98 ..       2      81 ..       1     104 [. 0.80

  Alignments for each domain:
  == domain 1  score: 18.4 bits;  conditional E-value: 1.1e-06
     bac_globin_msa 19 fyervlepedellraifsgtdlegaeeklvefl...vqalgGPelYserrGhPalrkrHapfpitaaerdewlkhlaeAldee 98
                       fy+++  + d  ++ +f+++d++++  kl + +   v +lg Pe+        al krHa+ +++aa+ d +   l + l+e 
  A0A1F4EM02/26-130  2 FYAKL-FARDPAISGLFASSDMNEQARKLLDMIgsaVRMLGQPEQLD--AALRALGKRHAGYGVEAAHYDTVGAALLDTLAEA 81
                       88888.788999*******************9933245789999998..56667****************9876666666443 PP

>> A0A1F4J3Y3/26-130  
   #    score  bias  c-Evalue  i-Evalue hmmfrom  hmm to    alifrom  ali to    envfrom  env to     acc
 ---   ------ ----- --------- --------- ------- -------    ------- -------    ------- -------    ----
   1 !   18.4   0.0   1.1e-06   0.00065      19      98 ..       2      81 ..       1     104 [. 0.80

  Alignments for each domain:
  == domain 1  score: 18.4 bits;  conditional E-value: 1.1e-06
     bac_globin_msa 19 fyervlepedellraifsgtdlegaeeklvefl...vqalgGPelYserrGhPalrkrHapfpitaaerdewlkhlaeAldee 98
                       fy+++  + d  ++ +f+++d++++  kl + +   v +lg Pe+        al krHa+ +++aa+ d +   l + l+e 
  A0A1F4J3Y3/26-130  2 FYAKL-FARDPAISGLFASSDMNEQARKLLDMIgsaVRMLGQPEQLD--AALRALGKRHAGYGVEAAHYDTVGAALLDTLAEA 81
                       88888.788999*******************9933245789999998..56667****************9876666666443 PP

>> A0A1Q3RV00/26-130  
   #    score  bias  c-Evalue  i-Evalue hmmfrom  hmm to    alifrom  ali to    envfrom  env to     acc
 ---   ------ ----- --------- --------- ------- -------    ------- -------    ------- -------    ----
   1 !   18.4   0.0   1.1e-06   0.00065      19      98 ..       2      81 ..       1     104 [. 0.80

  Alignments for each domain:
  == domain 1  score: 18.4 bits;  conditional E-value: 1.1e-06
     bac_globin_msa 19 fyervlepedellraifsgtdlegaeeklvefl...vqalgGPelYserrGhPalrkrHapfpitaaerdewlkhlaeAldee 98
                       fy+++  + d  ++ +f+++d++++  kl + +   v +lg Pe+        al krHa+ +++aa+ d +   l + l+e 
  A0A1Q3RV00/26-130  2 FYAKL-FARDPAISGLFASSDMNEQARKLLDMIgsaVRMLGQPEQLD--AALRALGKRHAGYGVEAAHYDTVGAALLDTLAEA 81
                       88888.788999*******************9933245789999998..56667****************9876666666443 PP

>> A0A1Q7UR26/24-128  
   #    score  bias  c-Evalue  i-Evalue hmmfrom  hmm to    alifrom  ali to    envfrom  env to     acc
 ---   ------ ----- --------- --------- ------- -------    ------- -------    ------- -------    ----
   1 ?   13.6   0.1   3.5e-05      0.02      18      83 ..       2      67 ..       1      85 [. 0.77

  Alignments for each domain:
  == domain 1  score: 13.6 bits;  conditional E-value: 3.5e-05
     bac_globin_msa 18 rfyervlepedellraifsgtdlegaeeklv...eflvqalgGPelYserrGhPalrkrHapfpitaae 83
                        fyer+      + ra+f++td++++++kl    + + q l  Pe+ +       l +rH + ++ +++
  A0A1Q7UR26/24-128  2 AFYERL-FTRFPQTRAFFASTDMKEQRKKLLgalALVIQNLRKPEVLT--SALTGLGQRHVTYGVRPEH 67
                       699999.788999****************9722244568888888888..3444577888888877776 PP

>> A0A1Q6YBK7/24-128  
   #    score  bias  c-Evalue  i-Evalue hmmfrom  hmm to    alifrom  ali to    envfrom  env to     acc
 ---   ------ ----- --------- --------- ------- -------    ------- -------    ------- -------    ----
   1 ?   13.3   0.1   4.5e-05     0.026      18      83 ..       2      67 ..       1      81 [. 0.76

  Alignments for each domain:
  == domain 1  score: 13.3 bits;  conditional E-value: 4.5e-05
     bac_globin_msa 18 rfyervlepedellraifsgtdlegaeeklvefl...vqalgGPelYserrGhPalrkrHapfpitaae 83
                        fyer+      + ra+f++td++++++kl   l    q l  Pe+ +       l +rH + ++ +++
  A0A1Q6YBK7/24-128  2 AFYERL-FTRFPQTRAFFASTDMKEQRKKLLGALalvIQNLRKPEVLT--SALTGLGQRHVTYGVRPEH 67
                       699999.788999****************9754411157788888877..3444477777777777665 PP

>> A0A1Q7A2C5/24-128  
   #    score  bias  c-Evalue  i-Evalue hmmfrom  hmm to    alifrom  ali to    envfrom  env to     acc
 ---   ------ ----- --------- --------- ------- -------    ------- -------    ------- -------    ----
   1 ?   13.3   0.1   4.5e-05     0.026      18      83 ..       2      67 ..       1      81 [. 0.76

  Alignments for each domain:
  == domain 1  score: 13.3 bits;  conditional E-value: 4.5e-05
     bac_globin_msa 18 rfyervlepedellraifsgtdlegaeeklvefl...vqalgGPelYserrGhPalrkrHapfpitaae 83
                        fyer+      + ra+f++td++++++kl   l    q l  Pe+ +       l +rH + ++ +++
  A0A1Q7A2C5/24-128  2 AFYERL-FTRFPQTRAFFASTDMKEQRKKLLGALalvIQNLRKPEVLT--SALTGLGQRHVTYGVRPEH 67
                       699999.788999****************9754411157788888877..3444477777777777665 PP

>> A0A1Q7T5S3/24-128  
   #    score  bias  c-Evalue  i-Evalue hmmfrom  hmm to    alifrom  ali to    envfrom  env to     acc
 ---   ------ ----- --------- --------- ------- -------    ------- -------    ------- -------    ----
   1 ?   13.3   0.1   4.5e-05     0.026      18      83 ..       2      67 ..       1      81 [. 0.76

  Alignments for each domain:
  == domain 1  score: 13.3 bits;  conditional E-value: 4.5e-05
     bac_globin_msa 18 rfyervlepedellraifsgtdlegaeeklvefl...vqalgGPelYserrGhPalrkrHapfpitaae 83
                        fyer+      + ra+f++td++++++kl   l    q l  Pe+ +       l +rH + ++ +++
  A0A1Q7T5S3/24-128  2 AFYERL-FTRFPQTRAFFASTDMKEQRKKLLGALalvIQNLRKPEVLT--SALTGLGQRHVTYGVRPEH 67
                       699999.788999****************9754411157788888877..3444477777777777665 PP

>> A0A1Q7WQP2/24-128  
   #    score  bias  c-Evalue  i-Evalue hmmfrom  hmm to    alifrom  ali to    envfrom  env to     acc
 ---   ------ ----- --------- --------- ------- -------    ------- -------    ------- -------    ----
   1 ?   13.3   0.1   4.5e-05     0.026      18      83 ..       2      67 ..       1      81 [. 0.76

  Alignments for each domain:
  == domain 1  score: 13.3 bits;  conditional E-value: 4.5e-05
     bac_globin_msa 18 rfyervlepedellraifsgtdlegaeeklvefl...vqalgGPelYserrGhPalrkrHapfpitaae 83
                        fyer+      + ra+f++td++++++kl   l    q l  Pe+ +       l +rH + ++ +++
  A0A1Q7WQP2/24-128  2 AFYERL-FTRFPQTRAFFASTDMKEQRKKLLGALalvIQNLRKPEVLT--SALTGLGQRHVTYGVRPEH 67
                       699999.788999****************9754411157788888877..3444477777777777665 PP



Internal pipeline statistics summary:
-------------------------------------
Query model(s):                            1  (120 nodes)
Target sequences:                       5781  (636238 residues searched)
Passed MSV filter:                       327  (0.0565646); expected 115.6 (0.02)
Passed bias filter:                      294  (0.0508563); expected 115.6 (0.02)
Passed Vit filter:                        43  (0.00743816); expected 5.8 (0.001)
Passed Fwd filter:                        10  (0.0017298); expected 0.1 (1e-05)
Initial search space (Z):               5781  [actual number of targets]
Domain search space  (domZ):              10  [number of targets reported over threshold]
# CPU time: 0.02u 0.00s 00:00:00.02 Elapsed: 00:00:00.02
# Mc/sec: 3733.63
//
[ok]
